[INFO ] 2022-02-01 21:10:21.550 [main] base - Successfully opened browser
[INFO ] 2022-02-01 21:10:23.002 [main] base - opened our login page
[INFO ] 2022-02-01 21:10:23.068 [main] base - Entered Valid Email
[INFO ] 2022-02-01 21:10:23.117 [main] base - Enter Valid Password
[INFO ] 2022-02-01 21:10:29.094 [main] base - User Successfully Login
[INFO ] 2022-02-01 21:10:29.490 [main] base - Click on Inventory Button
[INFO ] 2022-02-01 21:10:30.115 [main] base - Click Product
[INFO ] 2022-02-01 21:10:30.213 [main] base - Click on product Items
[INFO ] 2022-02-01 21:10:30.996 [main] base - Create New Product
[INFO ] 2022-02-01 21:10:35.164 [main] base - Save Product Successfully
[INFO ] 2022-02-01 21:10:38.219 [main] base - Click on Update Quantity
[INFO ] 2022-02-01 21:10:38.913 [main] base - Click on Create Update
[INFO ] 2022-02-01 21:10:39.593 [main] base - Saved Quantity Successfully
[INFO ] 2022-02-01 21:10:39.633 [main] base - Go Back To Menu Page
[INFO ] 2022-02-01 21:10:40.184 [main] base - Click on Manufacturing Button
[INFO ] 2022-02-01 21:10:52.060 [main] base - Done the Product Successfully
[INFO ] 2022-02-01 21:12:12.772 [main] base - Successfully opened browser
[INFO ] 2022-02-01 21:12:14.344 [main] base - opened our login page
[INFO ] 2022-02-01 21:12:14.428 [main] base - Entered Valid Email
[INFO ] 2022-02-01 21:12:14.478 [main] base - Enter Valid Password
[INFO ] 2022-02-01 21:12:21.050 [main] base - User Successfully Login
[INFO ] 2022-02-01 21:12:21.449 [main] base - Click on Inventory Button
[INFO ] 2022-02-01 21:12:22.080 [main] base - Click Product
[INFO ] 2022-02-01 21:12:22.117 [main] base - Click on product Items
[INFO ] 2022-02-01 21:12:22.748 [main] base - Create New Product
[INFO ] 2022-02-01 21:12:26.458 [main] base - Save Product Successfully
[INFO ] 2022-02-01 21:12:29.525 [main] base - Click on Update Quantity
[INFO ] 2022-02-01 21:12:30.160 [main] base - Click on Create Update
[INFO ] 2022-02-01 21:12:30.464 [main] base - Saved Quantity Successfully
[INFO ] 2022-02-01 21:12:30.502 [main] base - Go Back To Menu Page
[INFO ] 2022-02-01 21:12:31.283 [main] base - Click on Manufacturing Button
[INFO ] 2022-02-01 21:12:43.355 [main] base - Done the Product Successfully
[INFO ] 2022-02-01 21:56:08.088 [main] base - Successfully opened browser
[INFO ] 2022-02-01 21:56:10.919 [main] base - opened our login page
[INFO ] 2022-02-01 21:57:17.320 [main] base - Successfully opened browser
[INFO ] 2022-02-01 21:57:19.203 [main] base - opened our login page
[INFO ] 2022-02-01 21:57:19.290 [main] base - Entered Valid Email
[INFO ] 2022-02-01 21:57:19.335 [main] base - Enter Valid Password
[INFO ] 2022-02-01 21:57:23.122 [main] base - User Successfully Login
[INFO ] 2022-02-01 21:57:23.450 [main] base - Click on Inventory Button
[INFO ] 2022-02-01 21:57:24.166 [main] base - Click Product
[INFO ] 2022-02-01 21:57:24.207 [main] base - Click on product Items
[INFO ] 2022-02-01 21:57:25.041 [main] base - Create New Product
[INFO ] 2022-02-01 21:57:28.323 [main] base - Save Product Successfully
[INFO ] 2022-02-01 21:57:31.394 [main] base - Click on Update Quantity
[INFO ] 2022-02-01 21:57:32.003 [main] base - Click on Create Update
[INFO ] 2022-02-01 21:57:32.302 [main] base - Saved Quantity Successfully
[INFO ] 2022-02-01 21:57:32.336 [main] base - Go Back To Menu Page
[INFO ] 2022-02-01 21:57:32.765 [main] base - Click on Manufacturing Button
[INFO ] 2022-02-01 21:57:44.832 [main] base - Done the Product Successfully
[INFO ] 2022-02-01 21:59:22.220 [main] base - Successfully opened browser
[INFO ] 2022-02-01 21:59:24.403 [main] base - opened our login page
[INFO ] 2022-02-01 21:59:24.472 [main] base - Entered Valid Email
[INFO ] 2022-02-01 21:59:24.518 [main] base - Enter Valid Password
[INFO ] 2022-02-01 21:59:28.141 [main] base - User Successfully Login
[INFO ] 2022-02-01 21:59:28.522 [main] base - Click on Inventory Button
[INFO ] 2022-02-01 21:59:29.146 [main] base - Click Product
[INFO ] 2022-02-01 21:59:29.181 [main] base - Click on product Items
[INFO ] 2022-02-01 21:59:29.974 [main] base - Create New Product
[INFO ] 2022-02-01 21:59:32.997 [main] base - Save Product Successfully
[INFO ] 2022-02-01 21:59:36.064 [main] base - Click on Update Quantity
[INFO ] 2022-02-01 21:59:36.655 [main] base - Click on Create Update
[INFO ] 2022-02-01 21:59:37.100 [main] base - Saved Quantity Successfully
[INFO ] 2022-02-01 21:59:37.142 [main] base - Go Back To Menu Page
[INFO ] 2022-02-01 21:59:37.695 [main] base - Click on Manufacturing Button
[INFO ] 2022-02-01 21:59:49.683 [main] base - Done the Product Successfully
[INFO ] 2022-02-01 22:00:57.278 [main] base - Successfully opened browser
[INFO ] 2022-02-01 22:00:58.694 [main] base - opened our login page
[INFO ] 2022-02-01 22:00:58.772 [main] base - Entered Valid Email
[INFO ] 2022-02-01 22:00:58.816 [main] base - Enter Valid Password
[INFO ] 2022-02-01 22:01:01.895 [main] base - User Successfully Login
[INFO ] 2022-02-01 22:01:02.394 [main] base - Click on Inventory Button
[INFO ] 2022-02-01 22:01:03.001 [main] base - Click Product
[INFO ] 2022-02-01 22:01:03.036 [main] base - Click on product Items
[INFO ] 2022-02-01 22:01:03.729 [main] base - Create New Product
[INFO ] 2022-02-01 22:01:06.700 [main] base - Save Product Successfully
[INFO ] 2022-02-01 22:01:09.756 [main] base - Click on Update Quantity
[INFO ] 2022-02-01 22:01:10.394 [main] base - Click on Create Update
[INFO ] 2022-02-01 22:01:10.729 [main] base - Saved Quantity Successfully
[INFO ] 2022-02-01 22:01:10.777 [main] base - Go Back To Menu Page
[INFO ] 2022-02-01 22:01:11.233 [main] base - Click on Manufacturing Button
[INFO ] 2022-02-01 22:01:23.690 [main] base - Done the Product Successfully
[INFO ] 2022-02-01 22:02:04.590 [main] base - Successfully opened browser
[INFO ] 2022-02-01 22:02:06.373 [main] base - opened our login page
[INFO ] 2022-02-01 22:02:06.452 [main] base - Entered Valid Email
[INFO ] 2022-02-01 22:02:06.503 [main] base - Enter Valid Password
[INFO ] 2022-02-01 22:02:10.292 [main] base - User Successfully Login
[INFO ] 2022-02-01 22:02:10.677 [main] base - Click on Inventory Button
[INFO ] 2022-02-01 22:02:11.339 [main] base - Click Product
[INFO ] 2022-02-01 22:02:11.465 [main] base - Click on product Items
[INFO ] 2022-02-01 22:02:12.276 [main] base - Create New Product
[INFO ] 2022-02-01 22:02:16.011 [main] base - Save Product Successfully
[INFO ] 2022-02-01 22:02:19.059 [main] base - Click on Update Quantity
[INFO ] 2022-02-01 22:02:19.908 [main] base - Click on Create Update
[INFO ] 2022-02-01 22:02:20.204 [main] base - Saved Quantity Successfully
[INFO ] 2022-02-01 22:02:20.242 [main] base - Go Back To Menu Page
[INFO ] 2022-02-01 22:02:20.776 [main] base - Click on Manufacturing Button
[INFO ] 2022-02-01 22:02:32.978 [main] base - Done the Product Successfully
